#
# There is insufficient memory for the Java Runtime Environment to continue.
# Native memory allocation (malloc) failed to allocate 32744 bytes for ChunkPool::allocate
# Possible reasons:
#   The system is out of physical RAM or swap space
#   In 32 bit mode, the process size limit was hit
# Possible solutions:
#   Reduce memory load on the system
#   Increase physical memory or swap space
#   Check if swap backing store is full
#   Use 64 bit Java on a 64 bit OS
#   Decrease Java heap size (-Xmx/-Xms)
#   Decrease number of Java threads
#   Decrease Java thread stack sizes (-Xss)
#   Set larger code cache with -XX:ReservedCodeCacheSize=
# This output file may be truncated or incomplete.
#
#  Out of Memory Error (allocation.cpp:273), pid=9188, tid=0x0000000000001898
#
# JRE version: Java(TM) SE Runtime Environment (8.0_171-b11) (build 1.8.0_171-b11)
# Java VM: Java HotSpot(TM) 64-Bit Server VM (25.171-b11 mixed mode windows-amd64 compressed oops)
# Failed to write core dump. Minidumps are not enabled by default on client versions of Windows
#

---------------  T H R E A D  ---------------

Current thread (0x0000000055640800):  JavaThread "C2 CompilerThread0" daemon [_thread_in_native, id=6296, stack(0x0000000057a00000,0x0000000057b00000)]

Stack: [0x0000000057a00000,0x0000000057b00000]
[error occurred during error reporting (printing stack bounds), id 0xc0000005]

Native frames: (J=compiled Java code, j=interpreted, Vv=VM code, C=native code)


Current CompileTask:
C2:  90331 1550       4       java.util.HashSet::add (20 bytes)


---------------  P R O C E S S  ---------------

Java Threads: ( => current thread )
  0x0000000059407800 JavaThread "Okio Watchdog" daemon [_thread_blocked, id=10356, stack(0x000000005b1d0000,0x000000005b2d0000)]
  0x000000005941d800 JavaThread "OkHttp ConnectionPool" daemon [_thread_blocked, id=9160, stack(0x000000005aff0000,0x000000005b0f0000)]
  0x0000000058f2f800 JavaThread "Exec Stream Pumper" daemon [_thread_in_native, id=8928, stack(0x000000005a250000,0x000000005a350000)]
  0x0000000058c19000 JavaThread "Exec Stream Pumper" daemon [_thread_in_native, id=6220, stack(0x000000005aa70000,0x000000005ab70000)]
  0x0000000058f2f000 JavaThread "Exec Default Executor" daemon [_thread_in_native, id=11084, stack(0x000000005a720000,0x000000005a820000)]
  0x0000000057b9a000 JavaThread "Monitor Ctrl-Break" daemon [_thread_in_native, id=10500, stack(0x00000000584e0000,0x00000000585e0000)]
  0x0000000057b20800 JavaThread "Service Thread" daemon [_thread_blocked, id=10208, stack(0x0000000057fd0000,0x00000000580d0000)]
  0x0000000055648000 JavaThread "C1 CompilerThread1" daemon [_thread_blocked, id=7520, stack(0x00000000577c0000,0x00000000578c0000)]
=>0x0000000055640800 JavaThread "C2 CompilerThread0" daemon [_thread_in_native, id=6296, stack(0x0000000057a00000,0x0000000057b00000)]
  0x000000005563e000 JavaThread "Attach Listener" daemon [_thread_blocked, id=8032, stack(0x00000000578e0000,0x00000000579e0000)]
  0x000000005563d000 JavaThread "Signal Dispatcher" daemon [_thread_blocked, id=10672, stack(0x0000000057610000,0x0000000057710000)]
  0x0000000055624800 JavaThread "Finalizer" daemon [_thread_blocked, id=1320, stack(0x0000000057510000,0x0000000057610000)]
  0x00000000555db000 JavaThread "Reference Handler" daemon [_thread_blocked, id=9260, stack(0x0000000057350000,0x0000000057450000)]
  0x0000000002063000 JavaThread "Forwarding getTitle on session 8991b7cd-e8e4-447c-aa2f-0e9d6632102e to remote" [_thread_in_native, id=10692, stack(0x0000000002490000,0x0000000002590000)]

Other Threads:
  0x00000000555d3800 VMThread [stack: 0x0000000057190000,0x0000000057290000] [id=10624]
  0x0000000057b82800 WatcherThread [stack: 0x0000000058240000,0x0000000058340000] [id=10352]

VM state:not at safepoint (normal execution)

VM Mutex/Monitor currently owned by a thread: None

Heap:
 PSYoungGen      total 28672K, used 18122K [0x00000000e0800000, 0x00000000e2800000, 0x0000000100000000)
  eden space 24576K, 57% used [0x00000000e0800000,0x00000000e15b9d78,0x00000000e2000000)
  from space 4096K, 99% used [0x00000000e2400000,0x00000000e27f8e30,0x00000000e2800000)
  to   space 4096K, 0% used [0x00000000e2000000,0x00000000e2000000,0x00000000e2400000)
 ParOldGen       total 65536K, used 1715K [0x00000000a1800000, 0x00000000a5800000, 0x00000000e0800000)
  object space 65536K, 2% used [0x00000000a1800000,0x00000000a19ace68,0x00000000a5800000)
 Metaspace       used 16358K, capacity 17080K, committed 17152K, reserved 1064960K
  class space    used 2047K, capacity 2244K, committed 2304K, reserved 1048576K

Card table byte_map: [0x0000000011c20000,0x0000000011f20000] byte_map_base: 0x0000000011714000

Marking Bits: (ParMarkBitMap*) 0x00000000564508c0
 Begin Bits: [0x0000000012260000, 0x0000000013a00000)
 End Bits:   [0x0000000013a00000, 0x00000000151a0000)

Polling page: 0x0000000001b80000

CodeCache: size=245760Kb used=5330Kb max_used=5330Kb free=240429Kb
 bounds [0x0000000002860000, 0x0000000002da0000, 0x0000000011860000]
 total_blobs=1954 nmethods=1570 adapters=298
 compilation: enabled

Compilation events (10 events):
Event: 89.754 Thread 0x0000000055648000 1568       3       java.lang.System$2::getEnumConstantsShared (8 bytes)
Event: 89.754 Thread 0x0000000055648000 nmethod 1568 0x0000000002d94c90 code [0x0000000002d94e00, 0x0000000002d950e8]
Event: 89.755 Thread 0x0000000055648000 1569       3       org.testng.MapSerializerUtil$1::escape (113 bytes)
Event: 89.755 Thread 0x0000000055648000 nmethod 1569 0x0000000002d951d0 code [0x0000000002d95340, 0x0000000002d95590]
Event: 89.755 Thread 0x0000000055648000 1571       3       com.google.common.collect.RegularImmutableMap::checkNoConflictInKeyBucket (36 bytes)
Event: 89.756 Thread 0x0000000055648000 nmethod 1571 0x0000000002d95610 code [0x0000000002d957a0, 0x0000000002d95c48]
Event: 89.756 Thread 0x0000000055648000 1570       3       com.google.common.collect.ImmutableMapEntry::<init> (12 bytes)
Event: 89.756 Thread 0x0000000055648000 nmethod 1570 0x0000000002d95dd0 code [0x0000000002d95f40, 0x0000000002d96208]
Event: 89.759 Thread 0x0000000055648000 1572       3       okhttp3.Headers::name (9 bytes)
Event: 89.759 Thread 0x0000000055648000 nmethod 1572 0x0000000002d96390 code [0x0000000002d964e0, 0x0000000002d96650]

GC Heap History (4 events):
Event: 10.465 GC heap before
{Heap before GC invocations=1 (full 0):
 PSYoungGen      total 28672K, used 24576K [0x00000000e0800000, 0x00000000e2800000, 0x0000000100000000)
  eden space 24576K, 100% used [0x00000000e0800000,0x00000000e2000000,0x00000000e2000000)
  from space 4096K, 0% used [0x00000000e2400000,0x00000000e2400000,0x00000000e2800000)
  to   space 4096K, 0% used [0x00000000e2000000,0x00000000e2000000,0x00000000e2400000)
 ParOldGen       total 65536K, used 0K [0x00000000a1800000, 0x00000000a5800000, 0x00000000e0800000)
  object space 65536K, 0% used [0x00000000a1800000,0x00000000a1800000,0x00000000a5800000)
 Metaspace       used 11122K, capacity 11282K, committed 11392K, reserved 1058816K
  class space    used 1299K, capacity 1360K, committed 1408K, reserved 1048576K
Event: 10.477 GC heap after
Heap after GC invocations=1 (full 0):
 PSYoungGen      total 28672K, used 4074K [0x00000000e0800000, 0x00000000e2800000, 0x0000000100000000)
  eden space 24576K, 0% used [0x00000000e0800000,0x00000000e0800000,0x00000000e2000000)
  from space 4096K, 99% used [0x00000000e2000000,0x00000000e23faa60,0x00000000e2400000)
  to   space 4096K, 0% used [0x00000000e2400000,0x00000000e2400000,0x00000000e2800000)
 ParOldGen       total 65536K, used 317K [0x00000000a1800000, 0x00000000a5800000, 0x00000000e0800000)
  object space 65536K, 0% used [0x00000000a1800000,0x00000000a184f4c8,0x00000000a5800000)
 Metaspace       used 11122K, capacity 11282K, committed 11392K, reserved 1058816K
  class space    used 1299K, capacity 1360K, committed 1408K, reserved 1048576K
}
Event: 12.696 GC heap before
{Heap before GC invocations=2 (full 0):
 PSYoungGen      total 28672K, used 28650K [0x00000000e0800000, 0x00000000e2800000, 0x0000000100000000)
  eden space 24576K, 100% used [0x00000000e0800000,0x00000000e2000000,0x00000000e2000000)
  from space 4096K, 99% used [0x00000000e2000000,0x00000000e23faa60,0x00000000e2400000)
  to   space 4096K, 0% used [0x00000000e2400000,0x00000000e2400000,0x00000000e2800000)
 ParOldGen       total 65536K, used 317K [0x00000000a1800000, 0x00000000a5800000, 0x00000000e0800000)
  object space 65536K, 0% used [0x00000000a1800000,0x00000000a184f4c8,0x00000000a5800000)
 Metaspace       used 14217K, capacity 14776K, committed 15104K, reserved 1062912K
  class space    used 1736K, capacity 1928K, committed 2048K, reserved 1048576K
Event: 12.712 GC heap after
Heap after GC invocations=2 (full 0):
 PSYoungGen      total 28672K, used 4067K [0x00000000e0800000, 0x00000000e2800000, 0x0000000100000000)
  eden space 24576K, 0% used [0x00000000e0800000,0x00000000e0800000,0x00000000e2000000)
  from space 4096K, 99% used [0x00000000e2400000,0x00000000e27f8e30,0x00000000e2800000)
  to   space 4096K, 0% used [0x00000000e2000000,0x00000000e2000000,0x00000000e2400000)
 ParOldGen       total 65536K, used 1715K [0x00000000a1800000, 0x00000000a5800000, 0x00000000e0800000)
  object space 65536K, 2% used [0x00000000a1800000,0x00000000a19ace68,0x00000000a5800000)
 Metaspace       used 14217K, capacity 14776K, committed 15104K, reserved 1062912K
  class space    used 1736K, capacity 1928K, committed 2048K, reserved 1048576K
}

Deoptimization events (10 events):
Event: 12.720 Thread 0x0000000002063000 Uncommon trap: reason=class_check action=maybe_recompile pc=0x0000000002c83234 method=java.util.regex.Matcher.search(I)Z @ 86
Event: 12.720 Thread 0x0000000002063000 Uncommon trap: reason=class_check action=maybe_recompile pc=0x0000000002c37f18 method=java.util.regex.Pattern$Curly.match(Ljava/util/regex/Matcher;ILjava/lang/CharSequence;)Z @ 19
Event: 12.720 Thread 0x0000000002063000 Uncommon trap: reason=class_check action=maybe_recompile pc=0x0000000002c83234 method=java.util.regex.Matcher.search(I)Z @ 86
Event: 12.720 Thread 0x0000000002063000 Uncommon trap: reason=class_check action=maybe_recompile pc=0x0000000002c83234 method=java.util.regex.Matcher.search(I)Z @ 86
Event: 12.720 Thread 0x0000000002063000 Uncommon trap: reason=class_check action=maybe_recompile pc=0x0000000002c83234 method=java.util.regex.Matcher.search(I)Z @ 86
Event: 12.720 Thread 0x0000000002063000 Uncommon trap: reason=class_check action=maybe_recompile pc=0x0000000002c37f18 method=java.util.regex.Pattern$Curly.match(Ljava/util/regex/Matcher;ILjava/lang/CharSequence;)Z @ 19
Event: 12.744 Thread 0x0000000002063000 Uncommon trap: reason=class_check action=maybe_recompile pc=0x0000000002c37f18 method=java.util.regex.Pattern$Curly.match(Ljava/util/regex/Matcher;ILjava/lang/CharSequence;)Z @ 19
Event: 12.744 Thread 0x0000000002063000 Uncommon trap: reason=class_check action=maybe_recompile pc=0x0000000002c37f18 method=java.util.regex.Pattern$Curly.match(Ljava/util/regex/Matcher;ILjava/lang/CharSequence;)Z @ 19
Event: 12.908 Thread 0x0000000002063000 Uncommon trap: reason=unstable_if action=reinterpret pc=0x0000000002cf4ad8 method=java.util.regex.Pattern$BmpCharProperty.match(Ljava/util/regex/Matcher;ILjava/lang/CharSequence;)Z @ 34
Event: 13.031 Thread 0x0000000002063000 Uncommon trap: reason=unstable_if action=reinterpret pc=0x0000000002bb76c4 method=java.lang.CharacterDataLatin1.digit(II)I @ 82

Classes redefined (0 events):
No events

Internal exceptions (10 events):
Event: 8.860 Thread 0x0000000002063000 Exception <a 'java/lang/NoSuchFieldError': method resolution failed> (0x00000000e1968c88) thrown at [C:\re\workspace\8-2-build-windows-amd64-cygwin\jdk8u171\10807\hotspot\src\share\vm\prims\methodHandles.cpp, line 1167]
Event: 8.872 Thread 0x0000000002063000 Exception <a 'java/lang/NoSuchFieldError': method resolution failed> (0x00000000e1976388) thrown at [C:\re\workspace\8-2-build-windows-amd64-cygwin\jdk8u171\10807\hotspot\src\share\vm\prims\methodHandles.cpp, line 1167]
Event: 8.948 Thread 0x0000000002063000 Exception <a 'java/lang/IncompatibleClassChangeError': Found class java.lang.Object, but interface was expected> (0x00000000e1afb0c0) thrown at [C:\re\workspace\8-2-build-windows-amd64-cygwin\jdk8u171\10807\hotspot\src\share\vm\interpreter\linkResolver.cp
Event: 12.398 Thread 0x0000000002063000 Exception <a 'java/lang/ArrayIndexOutOfBoundsException'> (0x00000000e1936950) thrown at [C:\re\workspace\8-2-build-windows-amd64-cygwin\jdk8u171\10807\hotspot\src\share\vm\runtime\sharedRuntime.cpp, line 605]
Event: 12.398 Thread 0x0000000002063000 Exception <a 'java/lang/ArrayIndexOutOfBoundsException'> (0x00000000e1937dd0) thrown at [C:\re\workspace\8-2-build-windows-amd64-cygwin\jdk8u171\10807\hotspot\src\share\vm\runtime\sharedRuntime.cpp, line 605]
Event: 12.398 Thread 0x0000000002063000 Exception <a 'java/lang/ArrayIndexOutOfBoundsException'> (0x00000000e1939930) thrown at [C:\re\workspace\8-2-build-windows-amd64-cygwin\jdk8u171\10807\hotspot\src\share\vm\runtime\sharedRuntime.cpp, line 605]
Event: 12.399 Thread 0x0000000002063000 Exception <a 'java/lang/ArrayIndexOutOfBoundsException': 92> (0x00000000e1940720) thrown at [C:\re\workspace\8-2-build-windows-amd64-cygwin\jdk8u171\10807\hotspot\src\share\vm\interpreter\interpreterRuntime.cpp, line 366]
Event: 12.400 Thread 0x0000000002063000 Exception <a 'java/lang/ArrayIndexOutOfBoundsException': 57> (0x00000000e1946df0) thrown at [C:\re\workspace\8-2-build-windows-amd64-cygwin\jdk8u171\10807\hotspot\src\share\vm\interpreter\interpreterRuntime.cpp, line 366]
Event: 12.513 Thread 0x0000000002063000 Exception <a 'java/lang/IncompatibleClassChangeError': Found class java.lang.Object, but interface was expected> (0x00000000e1c56ed8) thrown at [C:\re\workspace\8-2-build-windows-amd64-cygwin\jdk8u171\10807\hotspot\src\share\vm\interpreter\linkResolver.cp
Event: 12.515 Thread 0x0000000002063000 Exception <a 'java/lang/NoSuchMethodError': java.lang.Object.lambda$or$2(Ljava/util/function/Predicate;Ljava/lang/Object;)Z> (0x00000000e1c61b28) thrown at [C:\re\workspace\8-2-build-windows-amd64-cygwin\jdk8u171\10807\hotspot\src\share\vm\interpreter\lin

Events (10 events):
Event: 89.750 loading class org/testng/internal/reflect/AbstractNodeMethodMatcher
Event: 89.750 loading class org/testng/internal/reflect/AbstractNodeMethodMatcher done
Event: 89.751 loading class org/testng/internal/reflect/ArrayEndingMethodMatcher
Event: 89.751 loading class org/testng/internal/reflect/ArrayEndingMethodMatcher done
Event: 89.752 loading class org/testng/internal/reflect/InjectableParameter$Assistant
Event: 89.752 loading class org/testng/internal/reflect/InjectableParameter$Assistant done
Event: 89.753 loading class org/testng/internal/reflect/InjectableParameter
Event: 89.753 loading class org/testng/internal/reflect/InjectableParameter done
Event: 89.754 loading class org/testng/internal/reflect/ReflectionRecipes$ListBackedImmutableQueue
Event: 89.754 loading class org/testng/internal/reflect/ReflectionRecipes$ListBackedImmutableQueue done


Dynamic libraries:
0x000000013f7c0000 - 0x000000013f7f7000 	C:\Program Files\Java\jdk1.8.0_171\bin\java.exe
0x00000000777e0000 - 0x000000007798a000 	C:\Windows\SYSTEM32\ntdll.dll
0x000007fefc470000 - 0x000007fefc4c4000 	C:\Program Files (x86)\AVG\Av\avghooka.dll
0x00000000776c0000 - 0x00000000777df000 	C:\Windows\system32\kernel32.dll
0x000007fefd7d0000 - 0x000007fefd83a000 	C:\Windows\system32\KERNELBASE.dll
0x000007feff9f0000 - 0x000007feffacb000 	C:\Windows\system32\ADVAPI32.dll
0x000007fefe9a0000 - 0x000007fefea3f000 	C:\Windows\system32\msvcrt.dll
0x000007feffad0000 - 0x000007feffaef000 	C:\Windows\SYSTEM32\sechost.dll
0x000007feff460000 - 0x000007feff58d000 	C:\Windows\system32\RPCRT4.dll
0x00000000775c0000 - 0x00000000776ba000 	C:\Windows\system32\USER32.dll
0x000007fefd910000 - 0x000007fefd977000 	C:\Windows\system32\GDI32.dll
0x000007fefea40000 - 0x000007fefea4e000 	C:\Windows\system32\LPK.dll
0x000007feff1e0000 - 0x000007feff2ab000 	C:\Windows\system32\USP10.dll
0x000007fefc0c0000 - 0x000007fefc2b4000 	C:\Windows\WinSxS\amd64_microsoft.windows.common-controls_6595b64144ccf1df_6.0.7601.18837_none_fa3b1e3d17594757\COMCTL32.dll
0x000007fefed80000 - 0x000007fefedf1000 	C:\Windows\system32\SHLWAPI.dll
0x000007feff000000 - 0x000007feff02e000 	C:\Windows\system32\IMM32.DLL
0x000007feff030000 - 0x000007feff139000 	C:\Windows\system32\MSCTF.dll
0x000000005e340000 - 0x000000005e412000 	C:\Program Files\Java\jdk1.8.0_171\jre\bin\msvcr100.dll
0x0000000055c30000 - 0x00000000564d0000 	C:\Program Files\Java\jdk1.8.0_171\jre\bin\server\jvm.dll
0x000007fef76f0000 - 0x000007fef76f9000 	C:\Windows\system32\WSOCK32.dll
0x000007feff8c0000 - 0x000007feff90d000 	C:\Windows\system32\WS2_32.dll
0x000007fefe8f0000 - 0x000007fefe8f8000 	C:\Windows\system32\NSI.dll
0x000007fefb820000 - 0x000007fefb85b000 	C:\Windows\system32\WINMM.dll
0x000007fefc5b0000 - 0x000007fefc5bc000 	C:\Windows\system32\VERSION.dll
0x00000000779a0000 - 0x00000000779a7000 	C:\Windows\system32\PSAPI.DLL
0x00000000740a0000 - 0x00000000740af000 	C:\Program Files\Java\jdk1.8.0_171\jre\bin\verify.dll
0x00000000666b0000 - 0x00000000666d9000 	C:\Program Files\Java\jdk1.8.0_171\jre\bin\java.dll
0x0000000073bd0000 - 0x0000000073be6000 	C:\Program Files\Java\jdk1.8.0_171\jre\bin\zip.dll
0x000007fefd980000 - 0x000007fefe70a000 	C:\Windows\system32\SHELL32.dll
0x000007fefee00000 - 0x000007fefeffc000 	C:\Windows\system32\ole32.dll
0x000007fefd4e0000 - 0x000007fefd4ef000 	C:\Windows\system32\profapi.dll
0x000007fefb050000 - 0x000007fefb060000 	C:\Program Files (x86)\JetBrains\IntelliJ IDEA 2016.2.4\bin\breakgen64.dll
0x0000000073e10000 - 0x0000000073e2a000 	C:\Program Files\Java\jdk1.8.0_171\jre\bin\net.dll
0x000007fefcc60000 - 0x000007fefccb5000 	C:\Windows\system32\mswsock.dll
0x000007fefcc50000 - 0x000007fefcc57000 	C:\Windows\System32\wship6.dll
0x000007fefccc0000 - 0x000007fefccd8000 	C:\Windows\system32\CRYPTSP.dll
0x000007fefc9c0000 - 0x000007fefca07000 	C:\Windows\system32\rsaenh.dll
0x000007fefd840000 - 0x000007fefd85e000 	C:\Windows\system32\USERENV.dll
0x000007fefd330000 - 0x000007fefd33f000 	C:\Windows\system32\CRYPTBASE.dll
0x000007fefae50000 - 0x000007fefae77000 	C:\Windows\system32\IPHLPAPI.DLL
0x000007fefaee0000 - 0x000007fefaeeb000 	C:\Windows\system32\WINNSI.DLL
0x000007fefa9b0000 - 0x000007fefa9c8000 	C:\Windows\system32\dhcpcsvc.DLL
0x000007fefa990000 - 0x000007fefa9a1000 	C:\Windows\system32\dhcpcsvc6.DLL
0x000000005f730000 - 0x000000005f741000 	C:\Program Files\Java\jdk1.8.0_171\jre\bin\nio.dll
0x000007fefc680000 - 0x000007fefc687000 	C:\Windows\System32\wshtcpip.dll
0x000007fefcae0000 - 0x000007fefcb3b000 	C:\Windows\system32\DNSAPI.dll
0x000007fef7d70000 - 0x000007fef7d78000 	C:\Windows\system32\rasadhlp.dll
0x000007fefae80000 - 0x000007fefaed3000 	C:\Windows\System32\fwpuclnt.dll
0x0000000073f70000 - 0x0000000073f94000 	C:\Program Files\Java\jdk1.8.0_171\jre\bin\sunec.dll
0x000007fefd2d0000 - 0x000007fefd327000 	C:\Windows\system32\apphelp.dll

VM Arguments:
jvm_args: -ea -Didea.launcher.port=7532 -Didea.launcher.bin.path=C:\Program Files (x86)\JetBrains\IntelliJ IDEA 2016.2.4\bin -Didea.testng.sm_runner -Dfile.encoding=UTF-8 
java_command: com.intellij.rt.execution.application.AppMain org.testng.RemoteTestNGStarter -port 54070 -usedefaultlisteners false -socket54071 @w@C:\Users\Sanath\AppData\Local\Temp\idea_working_dirs_testng6637.tmp -temp C:\Users\Sanath\AppData\Local\Temp\idea_testng13498.tmp
java_class_path (initial): C:\Program Files (x86)\JetBrains\IntelliJ IDEA 2016.2.4\lib\idea_rt.jar;C:\Program Files (x86)\JetBrains\IntelliJ IDEA 2016.2.4\plugins\testng\lib\testng-plugin.jar;C:\Program Files\Java\jdk1.8.0_171\jre\lib\charsets.jar;C:\Program Files\Java\jdk1.8.0_171\jre\lib\deploy.jar;C:\Program Files\Java\jdk1.8.0_171\jre\lib\ext\access-bridge-64.jar;C:\Program Files\Java\jdk1.8.0_171\jre\lib\ext\cldrdata.jar;C:\Program Files\Java\jdk1.8.0_171\jre\lib\ext\dnsns.jar;C:\Program Files\Java\jdk1.8.0_171\jre\lib\ext\jaccess.jar;C:\Program Files\Java\jdk1.8.0_171\jre\lib\ext\jfxrt.jar;C:\Program Files\Java\jdk1.8.0_171\jre\lib\ext\localedata.jar;C:\Program Files\Java\jdk1.8.0_171\jre\lib\ext\nashorn.jar;C:\Program Files\Java\jdk1.8.0_171\jre\lib\ext\sunec.jar;C:\Program Files\Java\jdk1.8.0_171\jre\lib\ext\sunjce_provider.jar;C:\Program Files\Java\jdk1.8.0_171\jre\lib\ext\sunmscapi.jar;C:\Program Files\Java\jdk1.8.0_171\jre\lib\ext\sunpkcs11.jar;C:\Program Files\Java\jdk1.8.0_171\jre\lib\ext\zipfs.jar;C:\Program Files\Java\jdk1.8.0_171\jre\lib\javaws.jar;C:\Program Files\Java\jdk1.8.0_171\jre\lib\jce.jar;C:\Program Files\Java\jdk1.8.0_171\jre\lib\jfr.jar;C:\Program Files\Java\jdk1.8.0_171\jre\lib\jfxswt.jar;C:\Program Files\Java\jdk1.8.0_171\jre\lib\jsse.jar;C:\Program Files\Java\jdk1.8.0_171\jre\lib\management-agent.jar;C:\Program Files\Java\jdk1.8.0_171\jre\lib\plugin.jar;C:\Program Files\Java\jdk1.8.0_171\jre\lib\resources.jar;C:\Program Files\Java\jdk1.8.0_171\jre\lib\rt.jar;C:\Program Files\Java\jdk1.8.0_171\bin;E:\Sanath\SelleniumNew\MyProjects\target\test-classes;E:\Sanath\SelleniumNew\MyProjects\target\classes;C:\Users\Sanath\.m2\repository\org\seleniumhq\selenium\selenium-java\3.12.0\selenium-java-3.12.0.jar;C:\Users\Sanath\.m2\repository\org\seleniumhq\selenium\selenium-api\3.12.0\selenium-api-3.12.0.jar;C:\Users\Sanath\.m2\repository\org\seleniumhq\selenium\selenium-edge-driver\3.12.0\selenium-edge-driver-3.12.0.jar;C:\Users\Sanath\.m2\reposit
Launcher Type: SUN_STANDARD

Environment Variables:
JAVA_HOME=C:\Program Files\Java\jdk1.8.0_171
PATH=C:\Program Files (x86)\Common Files\Oracle\Java\javapath;C:\ProgramData\Oracle\Java\javapath;C:\Windows\system32;C:\Windows;C:\Windows\System32\Wbem;C:\Windows\System32\WindowsPowerShell\v1.0\;C:\Program Files\Broadcom\Broadcom 802.11\Driver;E:\Sanath\SW\apache-ant-1.9.4-bin\apache-ant-1.9.4\bin;E:\apache-ant-1.9.7-bin\apache-ant-1.9.7\bin;C:\Program Files\Microsoft SQL Server\120\Tools\Binn\;C:\Program Files\Microsoft SQL Server\130\Tools\Binn\;C:\Program Files\Microsoft\Web Platform Installer\;C:\Program Files\nodejs\;C:\Program Files\Java\jdk1.8.0_171\bin;C:\Program Files\gradle-4.7\bin;C:\Program Files\Android\Android Studio1\bin;C:\Program Files\Git\cmd;C:\Program Files\Git\mingw64\bin;C:\Program Files\Git\usr\bin;C:\Users\Sanath\AppData\Roaming\npm
USERNAME=Sanath
OS=Windows_NT
PROCESSOR_IDENTIFIER=Intel64 Family 6 Model 23 Stepping 10, GenuineIntel



---------------  S Y S T E M  ---------------

OS: Windows 7 , 64 bit Build 7601 (6.1.7601.23915)

CPU:total 2 (initial active 2) (2 cores per cpu, 1 threads per core) family 6 model 23 stepping 10, cmov, cx8, fxsr, mmx, sse, sse2, sse3, ssse3, sse4.1, tsc

Memory: 4k page, physical 6189328k(950380k free), swap 10289012k(58096k free)

vm_info: Java HotSpot(TM) 64-Bit Server VM (25.171-b11) for windows-amd64 JRE (1.8.0_171-b11), built on Mar 28 2018 16:06:12 by "java_re" with MS VC++ 10.0 (VS2010)

time: Mon May 21 11:09:36 2018
elapsed time: 92 seconds (0d 0h 1m 32s)

